0 info it worked if it ends with ok
1 verbose cli [ '/usr/local/bin/node',
1 verbose cli   '/usr/local/bin/npm',
1 verbose cli   'install',
1 verbose cli   'build/Release/' ]
2 info using npm@1.4.28
3 info using node@v0.10.33
4 verbose cache add [ 'build/Release/', null ]
5 verbose cache add name=undefined spec="build/Release/" args=["build/Release/",null]
6 verbose parsed url { protocol: null,
6 verbose parsed url   slashes: null,
6 verbose parsed url   auth: null,
6 verbose parsed url   host: null,
6 verbose parsed url   port: null,
6 verbose parsed url   hostname: null,
6 verbose parsed url   hash: null,
6 verbose parsed url   search: null,
6 verbose parsed url   query: null,
6 verbose parsed url   pathname: 'build/Release/',
6 verbose parsed url   path: 'build/Release/',
6 verbose parsed url   href: 'build/Release/' }
7 silly lockFile ccae8457-build-Release build/Release/
8 verbose lock build/Release/ /home/stefano/.npm/ccae8457-build-Release.lock
9 silly lockFile ccae8457-build-Release build/Release/
10 silly lockFile ccae8457-build-Release build/Release/
11 error addLocal Could not install build/Release/
12 error Error: No version provided
12 error     at needVersion (/usr/local/lib/node_modules/npm/lib/cache/add-local.js:144:40)
12 error     at /usr/local/lib/node_modules/npm/lib/cache/add-local.js:77:10
12 error     at /usr/local/lib/node_modules/npm/node_modules/read-package-json/read-json.js:51:40
12 error     at final (/usr/local/lib/node_modules/npm/node_modules/read-package-json/read-json.js:349:17)
12 error     at then (/usr/local/lib/node_modules/npm/node_modules/read-package-json/read-json.js:126:33)
12 error     at /usr/local/lib/node_modules/npm/node_modules/read-package-json/read-json.js:316:48
12 error     at evalmachine.<anonymous>:207:20
12 error     at OpenReq.Req.done (/usr/local/lib/node_modules/npm/node_modules/graceful-fs/graceful-fs.js:141:5)
12 error     at OpenReq.done (/usr/local/lib/node_modules/npm/node_modules/graceful-fs/graceful-fs.js:61:22)
12 error     at Object.oncomplete (evalmachine.<anonymous>:107:15)
13 error If you need help, you may report this *entire* log,
13 error including the npm and node versions, at:
13 error     <http://github.com/npm/npm/issues>
14 error System Linux 3.2.0-75-generic
15 error command "/usr/local/bin/node" "/usr/local/bin/npm" "install" "build/Release/"
16 error cwd /home/stefano/lavoro/Sinapsi/SWIG/node-gc-issue
17 error node -v v0.10.33
18 error npm -v 1.4.28
19 verbose exit [ 1, true ]
